<?xml version="1.0" encoding="UTF-8"?>
<testsuite name="com.example.filehandler.FileHandlerApplicationTests" tests="1" skipped="0" failures="0" errors="0" timestamp="2023-01-22T16:10:28" hostname="Hellus-MacBook-Pro.local" time="1.932">
  <properties/>
  <testcase name="contextLoads()" classname="com.example.filehandler.FileHandlerApplicationTests" time="1.932"/>
  <system-out><![CDATA[18:10:19.408 [Test worker] DEBUG org.springframework.boot.test.context.SpringBootTestContextBootstrapper - Neither @ContextConfiguration nor @ContextHierarchy found for test class [FileHandlerApplicationTests]: using SpringBootContextLoader
18:10:19.444 [Test worker] DEBUG org.springframework.test.context.support.AbstractContextLoader - Could not detect default resource locations for test class [com.example.filehandler.FileHandlerApplicationTests]: no resource found for suffixes {-context.xml, Context.groovy}.
18:10:19.449 [Test worker] INFO org.springframework.test.context.support.AnnotationConfigContextLoaderUtils - Could not detect default configuration classes for test class [com.example.filehandler.FileHandlerApplicationTests]: FileHandlerApplicationTests does not declare any static, non-private, non-final, nested classes annotated with @Configuration.
18:10:19.533 [Test worker] DEBUG org.springframework.boot.test.context.SpringBootTestContextBootstrapper - Using ContextCustomizers for test class [FileHandlerApplicationTests]: [DisableObservabilityContextCustomizer, PropertyMappingContextCustomizer, Customizer, ExcludeFilterContextCustomizer, DuplicateJsonObjectContextCustomizer, MockitoContextCustomizer, TestRestTemplateContextCustomizer]
18:10:20.428 [Test worker] DEBUG org.springframework.context.annotation.ClassPathScanningCandidateComponentProvider - Identified candidate component class: file [/Users/hellu/Desktop/FileHandler/build/classes/java/main/com/example/filehandler/FileHandlerApplication.class]
18:10:20.435 [Test worker] INFO org.springframework.boot.test.context.SpringBootTestContextBootstrapper - Found @SpringBootConfiguration com.example.filehandler.FileHandlerApplication for test class com.example.filehandler.FileHandlerApplicationTests
18:10:20.755 [Test worker] DEBUG org.springframework.test.context.util.TestContextSpringFactoriesUtils - Skipping candidate TestExecutionListener [org.springframework.test.context.transaction.TransactionalTestExecutionListener] due to a missing dependency. Specify custom TestExecutionListener classes or make the default TestExecutionListener classes and their required dependencies available. Offending class: [org/springframework/transaction/interceptor/TransactionAttributeSource]
18:10:20.761 [Test worker] DEBUG org.springframework.test.context.util.TestContextSpringFactoriesUtils - Skipping candidate TestExecutionListener [org.springframework.test.context.jdbc.SqlScriptsTestExecutionListener] due to a missing dependency. Specify custom TestExecutionListener classes or make the default TestExecutionListener classes and their required dependencies available. Offending class: [org/springframework/transaction/interceptor/TransactionAttribute]
18:10:20.775 [Test worker] DEBUG org.springframework.boot.test.context.SpringBootTestContextBootstrapper - Using TestExecutionListeners for test class [FileHandlerApplicationTests]: [ServletTestExecutionListener, DirtiesContextBeforeModesTestExecutionListener, ApplicationEventsTestExecutionListener, MockitoTestExecutionListener, DependencyInjectionTestExecutionListener, DirtiesContextTestExecutionListener, EventPublishingTestExecutionListener, RestDocsTestExecutionListener, MockRestServiceServerResetTestExecutionListener, MockMvcPrintOnlyOnFailureTestExecutionListener, WebDriverTestExecutionListener, MockWebServiceServerTestExecutionListener, ResetMocksTestExecutionListener]
18:10:20.788 [Test worker] DEBUG org.springframework.test.context.support.AbstractDirtiesContextTestExecutionListener - Before test class: class [FileHandlerApplicationTests], class annotated with @DirtiesContext [false] with mode [null]

  .   ____          _            __ _ _
 /\\ / ___'_ __ _ _(_)_ __  __ _ \ \ \ \
( ( )\___ | '_ | '_| | '_ \/ _` | \ \ \ \
 \\/  ___)| |_)| | | | | || (_| |  ) ) ) )
  '  |____| .__|_| |_|_| |_\__, | / / / /
 =========|_|==============|___/=/_/_/_/
 :: Spring Boot ::                (v3.0.2)

2023-01-22T18:10:22.010+02:00  INFO 82130 --- [    Test worker] c.e.f.FileHandlerApplicationTests        : Starting FileHandlerApplicationTests using Java 17.0.1 with PID 82130 (started by hellu in /Users/hellu/Desktop/FileHandler)
2023-01-22T18:10:22.014+02:00  INFO 82130 --- [    Test worker] c.e.f.FileHandlerApplicationTests        : No active profile set, falling back to 1 default profile: "default"
2023-01-22T18:10:28.237+02:00  INFO 82130 --- [    Test worker] c.e.f.FileHandlerApplicationTests        : Started FileHandlerApplicationTests in 7.299 seconds (process running for 14.003)
]]></system-out>
  <system-err><![CDATA[]]></system-err>
</testsuite>
